[2018-07-19 08:51:20,371] ERROR {org.ballerinalang.launcher.Main} - error : compilation failed 
org.ballerinalang.util.exceptions.BallerinaException: error : compilation failed
	at org.ballerinalang.testerina.core.BTestRunner.lambda$compileAndBuildSuites$7(BTestRunner.java:175)
	at java.util.Spliterators$ArraySpliterator.forEachRemaining(Spliterators.java:948)
	at java.util.stream.ReferencePipeline$Head.forEach(ReferencePipeline.java:580)
	at org.ballerinalang.testerina.core.BTestRunner.compileAndBuildSuites(BTestRunner.java:155)
	at org.ballerinalang.testerina.core.BTestRunner.runTest(BTestRunner.java:97)
	at org.ballerinalang.testerina.core.BTestRunner.runTest(BTestRunner.java:82)
	at org.ballerinalang.testerina.core.BTestRunner.runTest(BTestRunner.java:71)
	at org.ballerinalang.testerina.core.TestCmd.execute(TestCmd.java:160)
	at java.util.Optional.ifPresent(Optional.java:159)
	at org.ballerinalang.launcher.Main.main(Main.java:66)
 
[2018-07-19 08:56:29,572] ERROR {org.ballerinalang.launcher.Main} - error : compilation failed 
org.ballerinalang.util.exceptions.BallerinaException: error : compilation failed
	at org.ballerinalang.testerina.core.BTestRunner.lambda$compileAndBuildSuites$7(BTestRunner.java:175)
	at java.util.Spliterators$ArraySpliterator.forEachRemaining(Spliterators.java:948)
	at java.util.stream.ReferencePipeline$Head.forEach(ReferencePipeline.java:580)
	at org.ballerinalang.testerina.core.BTestRunner.compileAndBuildSuites(BTestRunner.java:155)
	at org.ballerinalang.testerina.core.BTestRunner.runTest(BTestRunner.java:97)
	at org.ballerinalang.testerina.core.BTestRunner.runTest(BTestRunner.java:82)
	at org.ballerinalang.testerina.core.BTestRunner.runTest(BTestRunner.java:71)
	at org.ballerinalang.testerina.core.TestCmd.execute(TestCmd.java:160)
	at java.util.Optional.ifPresent(Optional.java:159)
	at org.ballerinalang.launcher.Main.main(Main.java:66)
 
[2018-07-19 09:27:42,908] ERROR {org.ballerinalang.launcher.Main} - error : compilation failed 
org.ballerinalang.util.exceptions.BallerinaException: error : compilation failed
	at org.ballerinalang.testerina.core.BTestRunner.lambda$compileAndBuildSuites$7(BTestRunner.java:175)
	at java.util.Spliterators$ArraySpliterator.forEachRemaining(Spliterators.java:948)
	at java.util.stream.ReferencePipeline$Head.forEach(ReferencePipeline.java:580)
	at org.ballerinalang.testerina.core.BTestRunner.compileAndBuildSuites(BTestRunner.java:155)
	at org.ballerinalang.testerina.core.BTestRunner.runTest(BTestRunner.java:97)
	at org.ballerinalang.testerina.core.BTestRunner.runTest(BTestRunner.java:82)
	at org.ballerinalang.testerina.core.BTestRunner.runTest(BTestRunner.java:71)
	at org.ballerinalang.testerina.core.TestCmd.execute(TestCmd.java:160)
	at java.util.Optional.ifPresent(Optional.java:159)
	at org.ballerinalang.launcher.Main.main(Main.java:66)
 
[2018-07-19 09:29:42,925] ERROR {org.ballerinalang.launcher.Main} - error : compilation failed 
org.ballerinalang.util.exceptions.BallerinaException: error : compilation failed
	at org.ballerinalang.testerina.core.BTestRunner.lambda$compileAndBuildSuites$7(BTestRunner.java:175)
	at java.util.Spliterators$ArraySpliterator.forEachRemaining(Spliterators.java:948)
	at java.util.stream.ReferencePipeline$Head.forEach(ReferencePipeline.java:580)
	at org.ballerinalang.testerina.core.BTestRunner.compileAndBuildSuites(BTestRunner.java:155)
	at org.ballerinalang.testerina.core.BTestRunner.runTest(BTestRunner.java:97)
	at org.ballerinalang.testerina.core.BTestRunner.runTest(BTestRunner.java:82)
	at org.ballerinalang.testerina.core.BTestRunner.runTest(BTestRunner.java:71)
	at org.ballerinalang.testerina.core.TestCmd.execute(TestCmd.java:160)
	at java.util.Optional.ifPresent(Optional.java:159)
	at org.ballerinalang.launcher.Main.main(Main.java:66)
 
[2018-07-19 11:04:33,267] ERROR {org.ballerinalang.launcher.Main} - error : compilation failed 
org.ballerinalang.util.exceptions.BallerinaException: error : compilation failed
	at org.ballerinalang.testerina.core.BTestRunner.lambda$compileAndBuildSuites$7(BTestRunner.java:175)
	at java.util.Spliterators$ArraySpliterator.forEachRemaining(Spliterators.java:948)
	at java.util.stream.ReferencePipeline$Head.forEach(ReferencePipeline.java:580)
	at org.ballerinalang.testerina.core.BTestRunner.compileAndBuildSuites(BTestRunner.java:155)
	at org.ballerinalang.testerina.core.BTestRunner.runTest(BTestRunner.java:97)
	at org.ballerinalang.testerina.core.BTestRunner.runTest(BTestRunner.java:82)
	at org.ballerinalang.testerina.core.BTestRunner.runTest(BTestRunner.java:71)
	at org.ballerinalang.testerina.core.TestCmd.execute(TestCmd.java:160)
	at java.util.Optional.ifPresent(Optional.java:159)
	at org.ballerinalang.launcher.Main.main(Main.java:66)
 
[2018-07-19 11:07:01,760] ERROR {org.ballerinalang.launcher.Main} - error : compilation failed 
org.ballerinalang.util.exceptions.BallerinaException: error : compilation failed
	at org.ballerinalang.testerina.core.BTestRunner.lambda$compileAndBuildSuites$7(BTestRunner.java:175)
	at java.util.Spliterators$ArraySpliterator.forEachRemaining(Spliterators.java:948)
	at java.util.stream.ReferencePipeline$Head.forEach(ReferencePipeline.java:580)
	at org.ballerinalang.testerina.core.BTestRunner.compileAndBuildSuites(BTestRunner.java:155)
	at org.ballerinalang.testerina.core.BTestRunner.runTest(BTestRunner.java:97)
	at org.ballerinalang.testerina.core.BTestRunner.runTest(BTestRunner.java:82)
	at org.ballerinalang.testerina.core.BTestRunner.runTest(BTestRunner.java:71)
	at org.ballerinalang.testerina.core.TestCmd.execute(TestCmd.java:160)
	at java.util.Optional.ifPresent(Optional.java:159)
	at org.ballerinalang.launcher.Main.main(Main.java:66)
 
[2018-07-19 11:18:42,639] ERROR {org.ballerinalang.launcher.Main} - error : compilation failed 
org.ballerinalang.util.exceptions.BallerinaException: error : compilation failed
	at org.ballerinalang.testerina.core.BTestRunner.lambda$compileAndBuildSuites$7(BTestRunner.java:175)
	at java.util.Spliterators$ArraySpliterator.forEachRemaining(Spliterators.java:948)
	at java.util.stream.ReferencePipeline$Head.forEach(ReferencePipeline.java:580)
	at org.ballerinalang.testerina.core.BTestRunner.compileAndBuildSuites(BTestRunner.java:155)
	at org.ballerinalang.testerina.core.BTestRunner.runTest(BTestRunner.java:97)
	at org.ballerinalang.testerina.core.BTestRunner.runTest(BTestRunner.java:82)
	at org.ballerinalang.testerina.core.BTestRunner.runTest(BTestRunner.java:71)
	at org.ballerinalang.testerina.core.TestCmd.execute(TestCmd.java:160)
	at java.util.Optional.ifPresent(Optional.java:159)
	at org.ballerinalang.launcher.Main.main(Main.java:66)
 
[2018-07-19 11:19:32,160] ERROR {org.ballerinalang.launcher.Main} - error : compilation failed 
org.ballerinalang.util.exceptions.BallerinaException: error : compilation failed
	at org.ballerinalang.testerina.core.BTestRunner.lambda$compileAndBuildSuites$7(BTestRunner.java:175)
	at java.util.Spliterators$ArraySpliterator.forEachRemaining(Spliterators.java:948)
	at java.util.stream.ReferencePipeline$Head.forEach(ReferencePipeline.java:580)
	at org.ballerinalang.testerina.core.BTestRunner.compileAndBuildSuites(BTestRunner.java:155)
	at org.ballerinalang.testerina.core.BTestRunner.runTest(BTestRunner.java:97)
	at org.ballerinalang.testerina.core.BTestRunner.runTest(BTestRunner.java:82)
	at org.ballerinalang.testerina.core.BTestRunner.runTest(BTestRunner.java:71)
	at org.ballerinalang.testerina.core.TestCmd.execute(TestCmd.java:160)
	at java.util.Optional.ifPresent(Optional.java:159)
	at org.ballerinalang.launcher.Main.main(Main.java:66)
 
[2018-07-19 11:19:59,197] ERROR {org.ballerinalang.launcher.Main} - error : compilation failed 
org.ballerinalang.util.exceptions.BallerinaException: error : compilation failed
	at org.ballerinalang.testerina.core.BTestRunner.lambda$compileAndBuildSuites$7(BTestRunner.java:175)
	at java.util.Spliterators$ArraySpliterator.forEachRemaining(Spliterators.java:948)
	at java.util.stream.ReferencePipeline$Head.forEach(ReferencePipeline.java:580)
	at org.ballerinalang.testerina.core.BTestRunner.compileAndBuildSuites(BTestRunner.java:155)
	at org.ballerinalang.testerina.core.BTestRunner.runTest(BTestRunner.java:97)
	at org.ballerinalang.testerina.core.BTestRunner.runTest(BTestRunner.java:82)
	at org.ballerinalang.testerina.core.BTestRunner.runTest(BTestRunner.java:71)
	at org.ballerinalang.testerina.core.TestCmd.execute(TestCmd.java:160)
	at java.util.Optional.ifPresent(Optional.java:159)
	at org.ballerinalang.launcher.Main.main(Main.java:66)
 
